<?xml version="1.0" encoding="UTF-8"?>
<testng-results ignored="0" total="1" passed="1" failed="0" skipped="0">
  <reporter-output>
  </reporter-output>
  <suite started-at="2025-02-27T19:05:22 IST" name="SauceDemo Test Suite" finished-at="2025-02-27T19:05:26 IST" duration-ms="4693">
    <groups>
    </groups>
    <test started-at="2025-02-27T19:05:22 IST" name="Login Test" finished-at="2025-02-27T19:05:26 IST" duration-ms="4693">
      <class name="com.saucedemo.tests.LoginTest">
        <test-method is-config="true" signature="setup()[pri:0, instance:com.saucedemo.tests.LoginTest@223191a6]" started-at="2025-02-27T19:05:22 IST" name="setup" finished-at="2025-02-27T19:05:25 IST" duration-ms="2723" status="PASS">
          <reporter-output>
          </reporter-output>
        </test-method> <!-- setup -->
        <test-method signature="loginTest(java.lang.String,java.lang.String)[pri:0, instance:com.saucedemo.tests.LoginTest@223191a6]" started-at="2025-02-27T19:05:25 IST" name="loginTest" finished-at="2025-02-27T19:05:26 IST" duration-ms="1375" status="PASS">
          <params>
            <param index="0">
              <value>
                <![CDATA[standard_user]]>
              </value>
            </param>
            <param index="1">
              <value>
                <![CDATA[secret_sauce]]>
              </value>
            </param>
          </params>
          <reporter-output>
          </reporter-output>
        </test-method> <!-- loginTest -->
        <test-method is-config="true" signature="tearDown()[pri:0, instance:com.saucedemo.tests.LoginTest@223191a6]" started-at="2025-02-27T19:05:26 IST" name="tearDown" finished-at="2025-02-27T19:05:26 IST" duration-ms="525" status="PASS">
          <reporter-output>
          </reporter-output>
        </test-method> <!-- tearDown -->
      </class> <!-- com.saucedemo.tests.LoginTest -->
    </test> <!-- Login Test -->
  </suite> <!-- SauceDemo Test Suite -->
</testng-results>
